{"level":"debug","msg":"Loading property file: \"/Users/t.todorov/Develop/mailsender/application_properties.yaml\"...","package":"config","time":"2022-04-05T23:25:25+03:00"}
{"level":"debug","msg":"Property file successfully loaded","package":"config","time":"2022-04-05T23:25:25+03:00"}
{"level":"debug","msg":"Retrieving secret from the vault with ID: \"passwordSecret\"...","package":"config","time":"2022-04-05T23:25:25+03:00"}
{"level":"debug","msg":"Reading from: \"./vault.yaml\"...","package":"config","time":"2022-04-05T23:25:25+03:00"}
{"level":"debug","msg":"Vault file successfully retrieved...","package":"config","time":"2022-04-05T23:25:25+03:00"}
{"level":"debug","msg":"Secret: \"passwordSecret\" successfully retrieved","package":"config","time":"2022-04-05T23:25:25+03:00"}
{"level":"debug","msg":"Loading property file: \"/Users/t.todorov/Develop/mailsender/application_properties.yaml\"...","package":"config","time":"2022-04-05T23:37:29+03:00"}
{"level":"debug","msg":"Property file successfully loaded","package":"config","time":"2022-04-05T23:37:29+03:00"}
{"level":"debug","msg":"Retrieving secret from the vault with ID: \"passwordSecret\"...","package":"config","time":"2022-04-05T23:37:29+03:00"}
{"level":"debug","msg":"Reading from: \"./vault.yaml\"...","package":"config","time":"2022-04-05T23:37:29+03:00"}
{"level":"debug","msg":"Vault file successfully retrieved...","package":"config","time":"2022-04-05T23:37:29+03:00"}
{"level":"debug","msg":"Secret: \"passwordSecret\" successfully retrieved","package":"config","time":"2022-04-05T23:37:29+03:00"}
{"level":"debug","msg":"Loading property file: \"/Users/t.todorov/Develop/mailsender/application_properties.yaml\"...","package":"config","time":"2022-04-05T23:37:30+03:00"}
{"level":"debug","msg":"Property file successfully loaded","package":"config","time":"2022-04-05T23:37:30+03:00"}
{"level":"debug","msg":"Retrieving secret from the vault with ID: \"passwordSecret\"...","package":"config","time":"2022-04-05T23:37:30+03:00"}
{"level":"debug","msg":"Reading from: \"./vault.yaml\"...","package":"config","time":"2022-04-05T23:37:30+03:00"}
{"level":"debug","msg":"Vault file successfully retrieved...","package":"config","time":"2022-04-05T23:37:30+03:00"}
{"level":"debug","msg":"Secret: \"passwordSecret\" successfully retrieved","package":"config","time":"2022-04-05T23:37:30+03:00"}
{"level":"debug","msg":"Loading property file: \"/Users/t.todorov/Develop/mailsender/application_properties.yaml\"...","package":"config","time":"2022-04-05T23:57:49+03:00"}
{"level":"debug","msg":"Property file successfully loaded","package":"config","time":"2022-04-05T23:57:49+03:00"}
{"level":"debug","msg":"Retrieving secret from the vault with ID: \"passwordSecret\"...","package":"config","time":"2022-04-05T23:57:49+03:00"}
{"level":"debug","msg":"Reading from: \"./vault.yaml\"...","package":"config","time":"2022-04-05T23:57:49+03:00"}
{"level":"debug","msg":"Vault file successfully retrieved...","package":"config","time":"2022-04-05T23:57:49+03:00"}
{"level":"debug","msg":"Secret: \"passwordSecret\" successfully retrieved","package":"config","time":"2022-04-05T23:57:49+03:00"}
{"level":"debug","msg":"Loading property file: \"/Users/t.todorov/Develop/mailsender/application_properties.yaml\"...","package":"config","time":"2022-04-05T23:57:50+03:00"}
{"level":"debug","msg":"Property file successfully loaded","package":"config","time":"2022-04-05T23:57:50+03:00"}
{"level":"debug","msg":"Retrieving secret from the vault with ID: \"passwordSecret\"...","package":"config","time":"2022-04-05T23:57:50+03:00"}
{"level":"debug","msg":"Reading from: \"./vault.yaml\"...","package":"config","time":"2022-04-05T23:57:50+03:00"}
{"level":"debug","msg":"Vault file successfully retrieved...","package":"config","time":"2022-04-05T23:57:50+03:00"}
{"level":"debug","msg":"Secret: \"passwordSecret\" successfully retrieved","package":"config","time":"2022-04-05T23:57:50+03:00"}
{"level":"debug","msg":"Loading property file: \"/Users/t.todorov/Develop/mailsender/application_properties.yaml\"...","package":"config","time":"2022-04-05T23:59:16+03:00"}
{"level":"debug","msg":"Property file successfully loaded","package":"config","time":"2022-04-05T23:59:16+03:00"}
{"level":"debug","msg":"Retrieving secret from the vault with ID: \"passwordSecret\"...","package":"config","time":"2022-04-05T23:59:16+03:00"}
{"level":"debug","msg":"Reading from: \"./vault.yaml\"...","package":"config","time":"2022-04-05T23:59:16+03:00"}
{"level":"debug","msg":"Vault file successfully retrieved...","package":"config","time":"2022-04-05T23:59:16+03:00"}
{"level":"debug","msg":"Secret: \"passwordSecret\" successfully retrieved","package":"config","time":"2022-04-05T23:59:16+03:00"}
{"level":"debug","msg":"Loading property file: \"/Users/t.todorov/Develop/mailsender/application_properties.yaml\"...","package":"config","time":"2022-04-05T23:59:17+03:00"}
{"level":"debug","msg":"Property file successfully loaded","package":"config","time":"2022-04-05T23:59:17+03:00"}
{"level":"debug","msg":"Retrieving secret from the vault with ID: \"passwordSecret\"...","package":"config","time":"2022-04-05T23:59:17+03:00"}
{"level":"debug","msg":"Reading from: \"./vault.yaml\"...","package":"config","time":"2022-04-05T23:59:17+03:00"}
{"level":"debug","msg":"Vault file successfully retrieved...","package":"config","time":"2022-04-05T23:59:17+03:00"}
{"level":"debug","msg":"Secret: \"passwordSecret\" successfully retrieved","package":"config","time":"2022-04-05T23:59:17+03:00"}
{"level":"debug","msg":"Loading property file: \"/Users/t.todorov/Develop/mailsender/application_properties.yaml\"...","package":"config","time":"2022-04-06T00:00:16+03:00"}
{"level":"debug","msg":"Property file successfully loaded","package":"config","time":"2022-04-06T00:00:16+03:00"}
{"level":"debug","msg":"Retrieving secret from the vault with ID: \"passwordSecret\"...","package":"config","time":"2022-04-06T00:00:16+03:00"}
{"level":"debug","msg":"Reading from: \"./vault.yaml\"...","package":"config","time":"2022-04-06T00:00:16+03:00"}
{"level":"debug","msg":"Vault file successfully retrieved...","package":"config","time":"2022-04-06T00:00:16+03:00"}
{"level":"debug","msg":"Secret: \"passwordSecret\" successfully retrieved","package":"config","time":"2022-04-06T00:00:16+03:00"}
{"level":"debug","msg":"Loading property file: \"/Users/t.todorov/Develop/mailsender/application_properties.yaml\"...","package":"config","time":"2022-04-06T00:00:17+03:00"}
{"level":"debug","msg":"Property file successfully loaded","package":"config","time":"2022-04-06T00:00:17+03:00"}
{"level":"debug","msg":"Retrieving secret from the vault with ID: \"passwordSecret\"...","package":"config","time":"2022-04-06T00:00:17+03:00"}
{"level":"debug","msg":"Reading from: \"./vault.yaml\"...","package":"config","time":"2022-04-06T00:00:17+03:00"}
{"level":"debug","msg":"Vault file successfully retrieved...","package":"config","time":"2022-04-06T00:00:17+03:00"}
{"level":"debug","msg":"Secret: \"passwordSecret\" successfully retrieved","package":"config","time":"2022-04-06T00:00:17+03:00"}
{"level":"debug","msg":"Loading property file: \"/Users/t.todorov/Develop/mailsender/application_properties.yaml\"...","package":"config","time":"2022-04-06T00:03:17+03:00"}
{"level":"debug","msg":"Property file successfully loaded","package":"config","time":"2022-04-06T00:03:17+03:00"}
{"level":"debug","msg":"Retrieving secret from the vault with ID: \"passwordSecret\"...","package":"config","time":"2022-04-06T00:03:17+03:00"}
{"level":"debug","msg":"Reading from: \"./vault.yaml\"...","package":"config","time":"2022-04-06T00:03:17+03:00"}
{"level":"debug","msg":"Vault file successfully retrieved...","package":"config","time":"2022-04-06T00:03:17+03:00"}
{"level":"debug","msg":"Secret: \"passwordSecret\" successfully retrieved","package":"config","time":"2022-04-06T00:03:17+03:00"}
{"level":"debug","msg":"Loading property file: \"/Users/t.todorov/Develop/mailsender/application_properties.yaml\"...","package":"config","time":"2022-04-06T00:03:17+03:00"}
{"level":"debug","msg":"Property file successfully loaded","package":"config","time":"2022-04-06T00:03:17+03:00"}
{"level":"debug","msg":"Retrieving secret from the vault with ID: \"passwordSecret\"...","package":"config","time":"2022-04-06T00:03:17+03:00"}
{"level":"debug","msg":"Reading from: \"./vault.yaml\"...","package":"config","time":"2022-04-06T00:03:17+03:00"}
{"level":"debug","msg":"Vault file successfully retrieved...","package":"config","time":"2022-04-06T00:03:17+03:00"}
{"level":"debug","msg":"Secret: \"passwordSecret\" successfully retrieved","package":"config","time":"2022-04-06T00:03:17+03:00"}
{"level":"debug","msg":"Loading property file: \"/Users/t.todorov/Develop/mailsender/application_properties.yaml\"...","package":"config","time":"2022-04-06T00:07:43+03:00"}
{"level":"debug","msg":"Property file successfully loaded","package":"config","time":"2022-04-06T00:07:43+03:00"}
{"level":"debug","msg":"Retrieving secret from the vault with ID: \"passwordSecret\"...","package":"config","time":"2022-04-06T00:07:43+03:00"}
{"level":"debug","msg":"Reading from: \"./vault.yaml\"...","package":"config","time":"2022-04-06T00:07:43+03:00"}
{"level":"debug","msg":"Vault file successfully retrieved...","package":"config","time":"2022-04-06T00:07:43+03:00"}
{"level":"debug","msg":"Secret: \"passwordSecret\" successfully retrieved","package":"config","time":"2022-04-06T00:07:43+03:00"}
{"level":"debug","msg":"Loading property file: \"/Users/t.todorov/Develop/mailsender/application_properties.yaml\"...","package":"config","time":"2022-04-06T00:07:44+03:00"}
{"level":"debug","msg":"Property file successfully loaded","package":"config","time":"2022-04-06T00:07:44+03:00"}
{"level":"debug","msg":"Retrieving secret from the vault with ID: \"passwordSecret\"...","package":"config","time":"2022-04-06T00:07:44+03:00"}
{"level":"debug","msg":"Reading from: \"./vault.yaml\"...","package":"config","time":"2022-04-06T00:07:44+03:00"}
{"level":"debug","msg":"Vault file successfully retrieved...","package":"config","time":"2022-04-06T00:07:44+03:00"}
{"level":"debug","msg":"Secret: \"passwordSecret\" successfully retrieved","package":"config","time":"2022-04-06T00:07:44+03:00"}
{"level":"debug","msg":"Loading property file: \"/Users/t.todorov/Develop/mailsender/application_properties.yaml\"...","package":"config","time":"2022-04-06T00:21:10+03:00"}
{"level":"debug","msg":"Property file successfully loaded","package":"config","time":"2022-04-06T00:21:10+03:00"}
{"level":"debug","msg":"Retrieving secret from the vault with ID: \"passwordSecret\"...","package":"config","time":"2022-04-06T00:21:10+03:00"}
{"level":"debug","msg":"Reading from: \"./vault.yaml\"...","package":"config","time":"2022-04-06T00:21:10+03:00"}
{"level":"debug","msg":"Vault file successfully retrieved...","package":"config","time":"2022-04-06T00:21:10+03:00"}
{"level":"debug","msg":"Secret: \"passwordSecret\" successfully retrieved","package":"config","time":"2022-04-06T00:21:10+03:00"}
{"level":"debug","msg":"Loading property file: \"/Users/t.todorov/Develop/mailsender/application_properties.yaml\"...","package":"config","time":"2022-04-06T00:21:10+03:00"}
{"level":"debug","msg":"Property file successfully loaded","package":"config","time":"2022-04-06T00:21:10+03:00"}
{"level":"debug","msg":"Retrieving secret from the vault with ID: \"passwordSecret\"...","package":"config","time":"2022-04-06T00:21:10+03:00"}
{"level":"debug","msg":"Reading from: \"./vault.yaml\"...","package":"config","time":"2022-04-06T00:21:10+03:00"}
{"level":"debug","msg":"Vault file successfully retrieved...","package":"config","time":"2022-04-06T00:21:10+03:00"}
{"level":"debug","msg":"Secret: \"passwordSecret\" successfully retrieved","package":"config","time":"2022-04-06T00:21:10+03:00"}
{"level":"debug","msg":"Loading property file: \"/Users/t.todorov/Develop/mailsender/application_properties.yaml\"...","package":"config","time":"2022-04-06T00:25:29+03:00"}
{"level":"debug","msg":"Property file successfully loaded","package":"config","time":"2022-04-06T00:25:29+03:00"}
{"level":"debug","msg":"Retrieving secret from the vault with ID: \"passwordSecret\"...","package":"config","time":"2022-04-06T00:25:29+03:00"}
{"level":"debug","msg":"Reading from: \"./vault.yaml\"...","package":"config","time":"2022-04-06T00:25:29+03:00"}
{"level":"debug","msg":"Vault file successfully retrieved...","package":"config","time":"2022-04-06T00:25:29+03:00"}
{"level":"debug","msg":"Secret: \"passwordSecret\" successfully retrieved","package":"config","time":"2022-04-06T00:25:29+03:00"}
{"level":"debug","msg":"Loading property file: \"/Users/t.todorov/Develop/mailsender/application_properties.yaml\"...","package":"config","time":"2022-04-06T00:25:29+03:00"}
{"level":"debug","msg":"Property file successfully loaded","package":"config","time":"2022-04-06T00:25:29+03:00"}
{"level":"debug","msg":"Retrieving secret from the vault with ID: \"passwordSecret\"...","package":"config","time":"2022-04-06T00:25:29+03:00"}
{"level":"debug","msg":"Reading from: \"./vault.yaml\"...","package":"config","time":"2022-04-06T00:25:29+03:00"}
{"level":"debug","msg":"Vault file successfully retrieved...","package":"config","time":"2022-04-06T00:25:29+03:00"}
{"level":"debug","msg":"Secret: \"passwordSecret\" successfully retrieved","package":"config","time":"2022-04-06T00:25:29+03:00"}
